app/build/intermediates/manifest_merge_blame_file/debug/manifest-merger-blame-debug-report.txt
1<?xml version="1.0" encoding="utf-8"?>
2<!--
3  ~ Copyright (c) 2020 Razeware LLC
4  ~
5  ~ Permission is hereby granted, free of charge, to any person obtaining a copy
6  ~ of this software and associated documentation files (the "Software"), to deal
7  ~ in the Software without restriction, including without limitation the rights
8  ~ to use, copy, modify, merge, publish, distribute, sublicense, and/or sell
9  ~ copies of the Software, and to permit persons to whom the Software is
10  ~ furnished to do so, subject to the following conditions:
11  ~
12  ~ The above copyright notice and this permission notice shall be included in
13  ~ all copies or substantial portions of the Software.
14  ~
15  ~ Notwithstanding the foregoing, you may not use, copy, modify, merge, publish,
16  ~ distribute, sublicense, create a derivative work, and/or sell copies of the
17  ~ Software in any work that is designed, intended, or marketed for pedagogical or
18  ~ instructional purposes related to programming, coding, application development,
19  ~ or information technology.  Permission for such use, copying, modification,
20  ~ merger, publication, distribution, sublicensing, creation of derivative works,
21  ~ or sale is expressly withheld.
22  ~
23  ~ THE SOFTWARE IS PROVIDED "AS IS", WITHOUT WARRANTY OF ANY KIND, EXPRESS OR
24  ~ IMPLIED, INCLUDING BUT NOT LIMITED TO THE WARRANTIES OF MERCHANTABILITY,
25  ~ FITNESS FOR A PARTICULAR PURPOSE AND NONINFRINGEMENT. IN NO EVENT SHALL THE
26  ~ AUTHORS OR COPYRIGHT HOLDERS BE LIABLE FOR ANY CLAIM, DAMAGES OR OTHER
27  ~ LIABILITY, WHETHER IN AN ACTION OF CONTRACT, TORT OR OTHERWISE, ARISING FROM,
28  ~ OUT OF OR IN CONNECTION WITH THE SOFTWARE OR THE USE OR OTHER DEALINGS IN
29  ~ THE SOFTWARE.
30-->
31<manifest xmlns:android="http://schemas.android.com/apk/res/android"
32    package="com.raywenderlich.android.githubrepolist"
33    android:versionCode="1"
34    android:versionName="1.0" >
35
36    <uses-sdk
37        android:minSdkVersion="23"
37-->src/main/AndroidManifest.xml
38        android:targetSdkVersion="29" />
38-->src/main/AndroidManifest.xml
39
40    <uses-permission android:name="android.permission.ACCESS_NETWORK_STATE" />
40-->src/main/AndroidManifest.xml:35:3-76
40-->src/main/AndroidManifest.xml:35:20-74
41    <uses-permission android:name="android.permission.INTERNET" />
41-->src/main/AndroidManifest.xml:36:3-65
41-->src/main/AndroidManifest.xml:36:20-62
42
43    <application
43-->src/main/AndroidManifest.xml:37:3-54:17
44        android:allowBackup="false"
44-->src/main/AndroidManifest.xml:38:5-32
45        android:appComponentFactory="androidx.core.app.CoreComponentFactory"
45-->[androidx.core:core:1.1.0] AndroidManifest.xml:24:18-86
46        android:debuggable="true"
47        android:extractNativeLibs="false"
48        android:icon="@mipmap/ic_launcher"
48-->src/main/AndroidManifest.xml:39:5-39
49        android:label="@string/app_name"
49-->src/main/AndroidManifest.xml:40:5-37
50        android:roundIcon="@mipmap/ic_launcher_round"
50-->src/main/AndroidManifest.xml:41:5-50
51        android:supportsRtl="true"
51-->src/main/AndroidManifest.xml:42:5-31
52        android:testOnly="true"
53        android:theme="@style/AppTheme" >
53-->src/main/AndroidManifest.xml:43:5-36
54        <activity
54-->src/main/AndroidManifest.xml:46:5-53:16
55            android:name="com.raywenderlich.android.githubrepolist.ui.activities.MainActivity"
55-->src/main/AndroidManifest.xml:47:7-49
56            android:theme="@style/SplashTheme" >
56-->src/main/AndroidManifest.xml:48:7-41
57            <intent-filter>
57-->src/main/AndroidManifest.xml:49:7-52:23
58                <action android:name="android.intent.action.MAIN" />
58-->src/main/AndroidManifest.xml:50:9-61
58-->src/main/AndroidManifest.xml:50:17-58
59
60                <category android:name="android.intent.category.LAUNCHER" />
60-->src/main/AndroidManifest.xml:51:9-69
60-->src/main/AndroidManifest.xml:51:19-66
61            </intent-filter>
62        </activity>
63    </application>
64
65</manifest>